<?xml version="1.0" encoding="UTF-8"?>
<!-- Generated by org.testng.reporters.JUnitXMLReporter -->
<testsuite ignored="0" hostname="DESKTOP-28EG1V0" failures="0" tests="5" name="Test" time="0.061" errors="0" timestamp="2021-04-22T19:50:38 IST">
  <testcase classname="qaclickacademy.MavenJava.RESTAPITest" name="deleteTwitter" time="0.008"/>
  <testcase classname="qaclickacademy.MavenJava.RESTAPITest" name="postJira" time="0.001"/>
  <testcase classname="qaclickacademy.MavenJava.SeleniumTest" name="elementsUI" time="0.001"/>
  <testcase classname="qaclickacademy.MavenJava.AppiumTest" name="iOSApp" time="0.001"/>
  <testcase classname="qaclickacademy.MavenJava.AppiumTest" name="nativeAppAndroid" time="0.001"/>
</testsuite> <!-- Test -->
