<?xml version="1.0" encoding="UTF-8"?>
<!-- Generated by org.testng.reporters.JUnitXMLReporter -->
<testsuite hostname="DESKTOP-28EG1V0" ignored="0" name="Test" tests="4" failures="0" timestamp="2021-04-22T20:41:16 IST" time="0.033" errors="0">
  <testcase name="deleteTwitter" time="0.003" classname="qaclickacademy.MavenJava.RESTAPITest"/>
  <testcase name="postJira" time="0.001" classname="qaclickacademy.MavenJava.RESTAPITest"/>
  <testcase name="browserAutomation" time="0.0" classname="qaclickacademy.MavenJava.SeleniumTest"/>
  <testcase name="elementsUI" time="0.0" classname="qaclickacademy.MavenJava.SeleniumTest"/>
</testsuite> <!-- Test -->
