<?xml version="1.0" encoding="UTF-8"?>
<testng-results ignored="0" total="5" passed="5" failed="0" skipped="0">
  <reporter-output>
  </reporter-output>
  <suite started-at="2021-04-22T19:50:38 IST" name="Suite" finished-at="2021-04-22T19:50:38 IST" duration-ms="61">
    <groups>
    </groups>
    <test started-at="2021-04-22T19:50:38 IST" name="Test" finished-at="2021-04-22T19:50:38 IST" duration-ms="61">
      <class name="qaclickacademy.MavenJava.SeleniumTest">
        <test-method signature="elementsUI()[pri:0, instance:qaclickacademy.MavenJava.SeleniumTest@10163d6]" started-at="2021-04-22T19:50:38 IST" name="elementsUI" finished-at="2021-04-22T19:50:38 IST" duration-ms="1" status="PASS">
          <reporter-output>
          </reporter-output>
        </test-method> <!-- elementsUI -->
      </class> <!-- qaclickacademy.MavenJava.SeleniumTest -->
      <class name="qaclickacademy.MavenJava.RESTAPITest">
        <test-method signature="deleteTwitter()[pri:0, instance:qaclickacademy.MavenJava.RESTAPITest@49912c99]" started-at="2021-04-22T19:50:38 IST" name="deleteTwitter" finished-at="2021-04-22T19:50:38 IST" duration-ms="8" status="PASS">
          <reporter-output>
          </reporter-output>
        </test-method> <!-- deleteTwitter -->
        <test-method signature="postJira()[pri:0, instance:qaclickacademy.MavenJava.RESTAPITest@49912c99]" started-at="2021-04-22T19:50:38 IST" name="postJira" finished-at="2021-04-22T19:50:38 IST" duration-ms="1" status="PASS">
          <reporter-output>
          </reporter-output>
        </test-method> <!-- postJira -->
      </class> <!-- qaclickacademy.MavenJava.RESTAPITest -->
      <class name="qaclickacademy.MavenJava.AppiumTest">
        <test-method signature="iOSApp()[pri:0, instance:qaclickacademy.MavenJava.AppiumTest@2dde1bff]" started-at="2021-04-22T19:50:38 IST" name="iOSApp" finished-at="2021-04-22T19:50:38 IST" duration-ms="1" status="PASS">
          <reporter-output>
          </reporter-output>
        </test-method> <!-- iOSApp -->
        <test-method signature="nativeAppAndroid()[pri:0, instance:qaclickacademy.MavenJava.AppiumTest@2dde1bff]" started-at="2021-04-22T19:50:38 IST" name="nativeAppAndroid" finished-at="2021-04-22T19:50:38 IST" duration-ms="1" status="PASS">
          <reporter-output>
          </reporter-output>
        </test-method> <!-- nativeAppAndroid -->
      </class> <!-- qaclickacademy.MavenJava.AppiumTest -->
    </test> <!-- Test -->
  </suite> <!-- Suite -->
</testng-results>
